2020-05-12 17:03:55 [ http-bio-8080-exec-6:476899 ] - [ ERROR ] Transport error for WebSocket session id=0
java.io.IOException: java.util.concurrent.ExecutionException: java.net.SocketException: Software caused connection abort: socket write error
	at org.apache.tomcat.websocket.WsRemoteEndpointImplBase.startMessageBlock(WsRemoteEndpointImplBase.java:283)
	at org.apache.tomcat.websocket.WsSession.sendCloseMessage(WsSession.java:544)
	at org.apache.tomcat.websocket.WsSession.onClose(WsSession.java:484)
	at org.apache.tomcat.websocket.WsFrameBase.processDataControl(WsFrameBase.java:342)
	at org.apache.tomcat.websocket.WsFrameBase.processData(WsFrameBase.java:284)
	at org.apache.tomcat.websocket.WsFrameBase.processInputBuffer(WsFrameBase.java:130)
	at org.apache.tomcat.websocket.server.WsFrameServer.onDataAvailable(WsFrameServer.java:56)
	at org.apache.tomcat.websocket.server.WsHttpUpgradeHandler$WsReadListener.onDataAvailable(WsHttpUpgradeHandler.java:203)
	at org.apache.coyote.http11.upgrade.AbstractServletInputStream.onDataAvailable(AbstractServletInputStream.java:203)
	at org.apache.coyote.http11.upgrade.AbstractProcessor.upgradeDispatch(AbstractProcessor.java:93)
	at org.apache.coyote.AbstractProtocol$AbstractConnectionHandler.process(AbstractProtocol.java:623)
	at org.apache.tomcat.util.net.JIoEndpoint$SocketProcessor.run(JIoEndpoint.java:316)
	at java.util.concurrent.ThreadPoolExecutor.runWorker(ThreadPoolExecutor.java:1149)
	at java.util.concurrent.ThreadPoolExecutor$Worker.run(ThreadPoolExecutor.java:624)
	at org.apache.tomcat.util.threads.TaskThread$WrappingRunnable.run(TaskThread.java:61)
	at java.lang.Thread.run(Thread.java:748)
Caused by: java.util.concurrent.ExecutionException: java.net.SocketException: Software caused connection abort: socket write error
	at org.apache.tomcat.websocket.FutureToSendHandler.get(FutureToSendHandler.java:102)
	at org.apache.tomcat.websocket.WsRemoteEndpointImplBase.startMessageBlock(WsRemoteEndpointImplBase.java:278)
	... 15 more
Caused by: java.net.SocketException: Software caused connection abort: socket write error
	at java.net.SocketOutputStream.socketWrite0(Native Method)
	at java.net.SocketOutputStream.socketWrite(SocketOutputStream.java:111)
	at java.net.SocketOutputStream.write(SocketOutputStream.java:155)
	at org.apache.coyote.http11.upgrade.BioServletOutputStream.doWrite(BioServletOutputStream.java:38)
	at org.apache.coyote.http11.upgrade.AbstractServletOutputStream.writeInternal(AbstractServletOutputStream.java:153)
	at org.apache.coyote.http11.upgrade.AbstractServletOutputStream.write(AbstractServletOutputStream.java:121)
	at org.apache.tomcat.websocket.server.WsRemoteEndpointImplServer.onWritePossible(WsRemoteEndpointImplServer.java:94)
	at org.apache.tomcat.websocket.server.WsRemoteEndpointImplServer.doWrite(WsRemoteEndpointImplServer.java:81)
	at org.apache.tomcat.websocket.WsRemoteEndpointImplBase.writeMessagePart(WsRemoteEndpointImplBase.java:453)
	at org.apache.tomcat.websocket.WsRemoteEndpointImplBase.startMessage(WsRemoteEndpointImplBase.java:341)
	at org.apache.tomcat.websocket.WsRemoteEndpointImplBase.startMessageBlock(WsRemoteEndpointImplBase.java:273)
	... 15 more
2020-05-12 17:03:55 [ http-bio-8080-exec-6:476915 ] - [ ERROR ] Closing due to exception for WebSocket session id=0
java.lang.IllegalStateException: Message will not be sent because the WebSocket session has been closed
	at org.apache.tomcat.websocket.WsRemoteEndpointImplBase.writeMessagePart(WsRemoteEndpointImplBase.java:384)
	at org.apache.tomcat.websocket.WsRemoteEndpointImplBase.startMessage(WsRemoteEndpointImplBase.java:341)
	at org.apache.tomcat.websocket.WsRemoteEndpointImplBase.startMessageBlock(WsRemoteEndpointImplBase.java:273)
	at org.apache.tomcat.websocket.WsSession.sendCloseMessage(WsSession.java:544)
	at org.apache.tomcat.websocket.WsSession.doClose(WsSession.java:455)
	at org.apache.tomcat.websocket.WsSession.close(WsSession.java:422)
	at org.springframework.web.socket.adapter.standard.StandardWebSocketSession.closeInternal(StandardWebSocketSession.java:217)
	at org.springframework.web.socket.adapter.AbstractWebSocketSession.close(AbstractWebSocketSession.java:139)
	at org.springframework.web.socket.adapter.AbstractWebSocketSession.close(AbstractWebSocketSession.java:130)
	at websocket.MyWebSocketHandler.handleTransportError(MyWebSocketHandler.java:74)
	at org.springframework.web.socket.handler.WebSocketHandlerDecorator.handleTransportError(WebSocketHandlerDecorator.java:80)
	at org.springframework.web.socket.handler.LoggingWebSocketHandlerDecorator.handleTransportError(LoggingWebSocketHandlerDecorator.java:63)
	at org.springframework.web.socket.handler.ExceptionWebSocketHandlerDecorator.handleTransportError(ExceptionWebSocketHandlerDecorator.java:79)
	at org.springframework.web.socket.adapter.standard.StandardWebSocketHandlerAdapter.onError(StandardWebSocketHandlerAdapter.java:153)
	at org.apache.tomcat.websocket.WsSession.sendCloseMessage(WsSession.java:558)
	at org.apache.tomcat.websocket.WsSession.onClose(WsSession.java:484)
	at org.apache.tomcat.websocket.WsFrameBase.processDataControl(WsFrameBase.java:342)
	at org.apache.tomcat.websocket.WsFrameBase.processData(WsFrameBase.java:284)
	at org.apache.tomcat.websocket.WsFrameBase.processInputBuffer(WsFrameBase.java:130)
	at org.apache.tomcat.websocket.server.WsFrameServer.onDataAvailable(WsFrameServer.java:56)
	at org.apache.tomcat.websocket.server.WsHttpUpgradeHandler$WsReadListener.onDataAvailable(WsHttpUpgradeHandler.java:203)
	at org.apache.coyote.http11.upgrade.AbstractServletInputStream.onDataAvailable(AbstractServletInputStream.java:203)
	at org.apache.coyote.http11.upgrade.AbstractProcessor.upgradeDispatch(AbstractProcessor.java:93)
	at org.apache.coyote.AbstractProtocol$AbstractConnectionHandler.process(AbstractProtocol.java:623)
	at org.apache.tomcat.util.net.JIoEndpoint$SocketProcessor.run(JIoEndpoint.java:316)
	at java.util.concurrent.ThreadPoolExecutor.runWorker(ThreadPoolExecutor.java:1149)
	at java.util.concurrent.ThreadPoolExecutor$Worker.run(ThreadPoolExecutor.java:624)
	at org.apache.tomcat.util.threads.TaskThread$WrappingRunnable.run(TaskThread.java:61)
	at java.lang.Thread.run(Thread.java:748)
2020-05-12 17:04:24 [ http-bio-8080-exec-8:506572 ] - [ ERROR ] Transport error for WebSocket session id=2
java.io.IOException: java.util.concurrent.ExecutionException: java.net.SocketException: Software caused connection abort: socket write error
	at org.apache.tomcat.websocket.WsRemoteEndpointImplBase.startMessageBlock(WsRemoteEndpointImplBase.java:283)
	at org.apache.tomcat.websocket.WsSession.sendCloseMessage(WsSession.java:544)
	at org.apache.tomcat.websocket.WsSession.onClose(WsSession.java:484)
	at org.apache.tomcat.websocket.WsFrameBase.processDataControl(WsFrameBase.java:342)
	at org.apache.tomcat.websocket.WsFrameBase.processData(WsFrameBase.java:284)
	at org.apache.tomcat.websocket.WsFrameBase.processInputBuffer(WsFrameBase.java:130)
	at org.apache.tomcat.websocket.server.WsFrameServer.onDataAvailable(WsFrameServer.java:56)
	at org.apache.tomcat.websocket.server.WsHttpUpgradeHandler$WsReadListener.onDataAvailable(WsHttpUpgradeHandler.java:203)
	at org.apache.coyote.http11.upgrade.AbstractServletInputStream.onDataAvailable(AbstractServletInputStream.java:203)
	at org.apache.coyote.http11.upgrade.AbstractProcessor.upgradeDispatch(AbstractProcessor.java:93)
	at org.apache.coyote.AbstractProtocol$AbstractConnectionHandler.process(AbstractProtocol.java:623)
	at org.apache.tomcat.util.net.JIoEndpoint$SocketProcessor.run(JIoEndpoint.java:316)
	at java.util.concurrent.ThreadPoolExecutor.runWorker(ThreadPoolExecutor.java:1149)
	at java.util.concurrent.ThreadPoolExecutor$Worker.run(ThreadPoolExecutor.java:624)
	at org.apache.tomcat.util.threads.TaskThread$WrappingRunnable.run(TaskThread.java:61)
	at java.lang.Thread.run(Thread.java:748)
Caused by: java.util.concurrent.ExecutionException: java.net.SocketException: Software caused connection abort: socket write error
	at org.apache.tomcat.websocket.FutureToSendHandler.get(FutureToSendHandler.java:102)
	at org.apache.tomcat.websocket.WsRemoteEndpointImplBase.startMessageBlock(WsRemoteEndpointImplBase.java:278)
	... 15 more
Caused by: java.net.SocketException: Software caused connection abort: socket write error
	at java.net.SocketOutputStream.socketWrite0(Native Method)
	at java.net.SocketOutputStream.socketWrite(SocketOutputStream.java:111)
	at java.net.SocketOutputStream.write(SocketOutputStream.java:155)
	at org.apache.coyote.http11.upgrade.BioServletOutputStream.doWrite(BioServletOutputStream.java:38)
	at org.apache.coyote.http11.upgrade.AbstractServletOutputStream.writeInternal(AbstractServletOutputStream.java:153)
	at org.apache.coyote.http11.upgrade.AbstractServletOutputStream.write(AbstractServletOutputStream.java:121)
	at org.apache.tomcat.websocket.server.WsRemoteEndpointImplServer.onWritePossible(WsRemoteEndpointImplServer.java:94)
	at org.apache.tomcat.websocket.server.WsRemoteEndpointImplServer.doWrite(WsRemoteEndpointImplServer.java:81)
	at org.apache.tomcat.websocket.WsRemoteEndpointImplBase.writeMessagePart(WsRemoteEndpointImplBase.java:453)
	at org.apache.tomcat.websocket.WsRemoteEndpointImplBase.startMessage(WsRemoteEndpointImplBase.java:341)
	at org.apache.tomcat.websocket.WsRemoteEndpointImplBase.startMessageBlock(WsRemoteEndpointImplBase.java:273)
	... 15 more
2020-05-12 17:04:24 [ http-bio-8080-exec-8:506578 ] - [ ERROR ] Closing due to exception for WebSocket session id=2
java.lang.IllegalStateException: Message will not be sent because the WebSocket session has been closed
	at org.apache.tomcat.websocket.WsRemoteEndpointImplBase.writeMessagePart(WsRemoteEndpointImplBase.java:384)
	at org.apache.tomcat.websocket.WsRemoteEndpointImplBase.startMessage(WsRemoteEndpointImplBase.java:341)
	at org.apache.tomcat.websocket.WsRemoteEndpointImplBase.startMessageBlock(WsRemoteEndpointImplBase.java:273)
	at org.apache.tomcat.websocket.WsSession.sendCloseMessage(WsSession.java:544)
	at org.apache.tomcat.websocket.WsSession.doClose(WsSession.java:455)
	at org.apache.tomcat.websocket.WsSession.close(WsSession.java:422)
	at org.springframework.web.socket.adapter.standard.StandardWebSocketSession.closeInternal(StandardWebSocketSession.java:217)
	at org.springframework.web.socket.adapter.AbstractWebSocketSession.close(AbstractWebSocketSession.java:139)
	at org.springframework.web.socket.adapter.AbstractWebSocketSession.close(AbstractWebSocketSession.java:130)
	at websocket.MyWebSocketHandler.handleTransportError(MyWebSocketHandler.java:74)
	at org.springframework.web.socket.handler.WebSocketHandlerDecorator.handleTransportError(WebSocketHandlerDecorator.java:80)
	at org.springframework.web.socket.handler.LoggingWebSocketHandlerDecorator.handleTransportError(LoggingWebSocketHandlerDecorator.java:63)
	at org.springframework.web.socket.handler.ExceptionWebSocketHandlerDecorator.handleTransportError(ExceptionWebSocketHandlerDecorator.java:79)
	at org.springframework.web.socket.adapter.standard.StandardWebSocketHandlerAdapter.onError(StandardWebSocketHandlerAdapter.java:153)
	at org.apache.tomcat.websocket.WsSession.sendCloseMessage(WsSession.java:558)
	at org.apache.tomcat.websocket.WsSession.onClose(WsSession.java:484)
	at org.apache.tomcat.websocket.WsFrameBase.processDataControl(WsFrameBase.java:342)
	at org.apache.tomcat.websocket.WsFrameBase.processData(WsFrameBase.java:284)
	at org.apache.tomcat.websocket.WsFrameBase.processInputBuffer(WsFrameBase.java:130)
	at org.apache.tomcat.websocket.server.WsFrameServer.onDataAvailable(WsFrameServer.java:56)
	at org.apache.tomcat.websocket.server.WsHttpUpgradeHandler$WsReadListener.onDataAvailable(WsHttpUpgradeHandler.java:203)
	at org.apache.coyote.http11.upgrade.AbstractServletInputStream.onDataAvailable(AbstractServletInputStream.java:203)
	at org.apache.coyote.http11.upgrade.AbstractProcessor.upgradeDispatch(AbstractProcessor.java:93)
	at org.apache.coyote.AbstractProtocol$AbstractConnectionHandler.process(AbstractProtocol.java:623)
	at org.apache.tomcat.util.net.JIoEndpoint$SocketProcessor.run(JIoEndpoint.java:316)
	at java.util.concurrent.ThreadPoolExecutor.runWorker(ThreadPoolExecutor.java:1149)
	at java.util.concurrent.ThreadPoolExecutor$Worker.run(ThreadPoolExecutor.java:624)
	at org.apache.tomcat.util.threads.TaskThread$WrappingRunnable.run(TaskThread.java:61)
	at java.lang.Thread.run(Thread.java:748)
2020-05-12 17:04:25 [ http-bio-8080-exec-1:507194 ] - [ ERROR ] Transport error for WebSocket session id=1
java.io.IOException: java.util.concurrent.ExecutionException: java.net.SocketException: Software caused connection abort: socket write error
	at org.apache.tomcat.websocket.WsRemoteEndpointImplBase.startMessageBlock(WsRemoteEndpointImplBase.java:283)
	at org.apache.tomcat.websocket.WsSession.sendCloseMessage(WsSession.java:544)
	at org.apache.tomcat.websocket.WsSession.onClose(WsSession.java:484)
	at org.apache.tomcat.websocket.WsFrameBase.processDataControl(WsFrameBase.java:342)
	at org.apache.tomcat.websocket.WsFrameBase.processData(WsFrameBase.java:284)
	at org.apache.tomcat.websocket.WsFrameBase.processInputBuffer(WsFrameBase.java:130)
	at org.apache.tomcat.websocket.server.WsFrameServer.onDataAvailable(WsFrameServer.java:56)
	at org.apache.tomcat.websocket.server.WsHttpUpgradeHandler$WsReadListener.onDataAvailable(WsHttpUpgradeHandler.java:203)
	at org.apache.coyote.http11.upgrade.AbstractServletInputStream.onDataAvailable(AbstractServletInputStream.java:203)
	at org.apache.coyote.http11.upgrade.AbstractProcessor.upgradeDispatch(AbstractProcessor.java:93)
	at org.apache.coyote.AbstractProtocol$AbstractConnectionHandler.process(AbstractProtocol.java:623)
	at org.apache.tomcat.util.net.JIoEndpoint$SocketProcessor.run(JIoEndpoint.java:316)
	at java.util.concurrent.ThreadPoolExecutor.runWorker(ThreadPoolExecutor.java:1149)
	at java.util.concurrent.ThreadPoolExecutor$Worker.run(ThreadPoolExecutor.java:624)
	at org.apache.tomcat.util.threads.TaskThread$WrappingRunnable.run(TaskThread.java:61)
	at java.lang.Thread.run(Thread.java:748)
Caused by: java.util.concurrent.ExecutionException: java.net.SocketException: Software caused connection abort: socket write error
	at org.apache.tomcat.websocket.FutureToSendHandler.get(FutureToSendHandler.java:102)
	at org.apache.tomcat.websocket.WsRemoteEndpointImplBase.startMessageBlock(WsRemoteEndpointImplBase.java:278)
	... 15 more
Caused by: java.net.SocketException: Software caused connection abort: socket write error
	at java.net.SocketOutputStream.socketWrite0(Native Method)
	at java.net.SocketOutputStream.socketWrite(SocketOutputStream.java:111)
	at java.net.SocketOutputStream.write(SocketOutputStream.java:155)
	at org.apache.coyote.http11.upgrade.BioServletOutputStream.doWrite(BioServletOutputStream.java:38)
	at org.apache.coyote.http11.upgrade.AbstractServletOutputStream.writeInternal(AbstractServletOutputStream.java:153)
	at org.apache.coyote.http11.upgrade.AbstractServletOutputStream.write(AbstractServletOutputStream.java:121)
	at org.apache.tomcat.websocket.server.WsRemoteEndpointImplServer.onWritePossible(WsRemoteEndpointImplServer.java:94)
	at org.apache.tomcat.websocket.server.WsRemoteEndpointImplServer.doWrite(WsRemoteEndpointImplServer.java:81)
	at org.apache.tomcat.websocket.WsRemoteEndpointImplBase.writeMessagePart(WsRemoteEndpointImplBase.java:453)
	at org.apache.tomcat.websocket.WsRemoteEndpointImplBase.startMessage(WsRemoteEndpointImplBase.java:341)
	at org.apache.tomcat.websocket.WsRemoteEndpointImplBase.startMessageBlock(WsRemoteEndpointImplBase.java:273)
	... 15 more
2020-05-12 17:04:25 [ http-bio-8080-exec-1:507209 ] - [ ERROR ] Closing due to exception for WebSocket session id=1
java.lang.IllegalStateException: Message will not be sent because the WebSocket session has been closed
	at org.apache.tomcat.websocket.WsRemoteEndpointImplBase.writeMessagePart(WsRemoteEndpointImplBase.java:384)
	at org.apache.tomcat.websocket.WsRemoteEndpointImplBase.startMessage(WsRemoteEndpointImplBase.java:341)
	at org.apache.tomcat.websocket.WsRemoteEndpointImplBase.startMessageBlock(WsRemoteEndpointImplBase.java:273)
	at org.apache.tomcat.websocket.WsSession.sendCloseMessage(WsSession.java:544)
	at org.apache.tomcat.websocket.WsSession.doClose(WsSession.java:455)
	at org.apache.tomcat.websocket.WsSession.close(WsSession.java:422)
	at org.springframework.web.socket.adapter.standard.StandardWebSocketSession.closeInternal(StandardWebSocketSession.java:217)
	at org.springframework.web.socket.adapter.AbstractWebSocketSession.close(AbstractWebSocketSession.java:139)
	at org.springframework.web.socket.adapter.AbstractWebSocketSession.close(AbstractWebSocketSession.java:130)
	at websocket.MyWebSocketHandler.handleTransportError(MyWebSocketHandler.java:74)
	at org.springframework.web.socket.handler.WebSocketHandlerDecorator.handleTransportError(WebSocketHandlerDecorator.java:80)
	at org.springframework.web.socket.handler.LoggingWebSocketHandlerDecorator.handleTransportError(LoggingWebSocketHandlerDecorator.java:63)
	at org.springframework.web.socket.handler.ExceptionWebSocketHandlerDecorator.handleTransportError(ExceptionWebSocketHandlerDecorator.java:79)
	at org.springframework.web.socket.adapter.standard.StandardWebSocketHandlerAdapter.onError(StandardWebSocketHandlerAdapter.java:153)
	at org.apache.tomcat.websocket.WsSession.sendCloseMessage(WsSession.java:558)
	at org.apache.tomcat.websocket.WsSession.onClose(WsSession.java:484)
	at org.apache.tomcat.websocket.WsFrameBase.processDataControl(WsFrameBase.java:342)
	at org.apache.tomcat.websocket.WsFrameBase.processData(WsFrameBase.java:284)
	at org.apache.tomcat.websocket.WsFrameBase.processInputBuffer(WsFrameBase.java:130)
	at org.apache.tomcat.websocket.server.WsFrameServer.onDataAvailable(WsFrameServer.java:56)
	at org.apache.tomcat.websocket.server.WsHttpUpgradeHandler$WsReadListener.onDataAvailable(WsHttpUpgradeHandler.java:203)
	at org.apache.coyote.http11.upgrade.AbstractServletInputStream.onDataAvailable(AbstractServletInputStream.java:203)
	at org.apache.coyote.http11.upgrade.AbstractProcessor.upgradeDispatch(AbstractProcessor.java:93)
	at org.apache.coyote.AbstractProtocol$AbstractConnectionHandler.process(AbstractProtocol.java:623)
	at org.apache.tomcat.util.net.JIoEndpoint$SocketProcessor.run(JIoEndpoint.java:316)
	at java.util.concurrent.ThreadPoolExecutor.runWorker(ThreadPoolExecutor.java:1149)
	at java.util.concurrent.ThreadPoolExecutor$Worker.run(ThreadPoolExecutor.java:624)
	at org.apache.tomcat.util.threads.TaskThread$WrappingRunnable.run(TaskThread.java:61)
	at java.lang.Thread.run(Thread.java:748)
